<?xml version="1.0" encoding="UTF-8"?>
<testsuite xmlns:xsi="http://www.w3.org/2001/XMLSchema-instance" xsi:noNamespaceSchemaLocation="https://maven.apache.org/surefire/maven-surefire-plugin/xsd/surefire-test-report.xsd" name="com.checkpeople.controller.DeveloperControllerTest" time="0.658" tests="9" errors="0" skipped="0" failures="0">
  <properties>
[...]
</properties>
  <testcase name="test1startDataBase" classname="com.checkpeople.controller.DeveloperControllerTest" time="0.16"/>
  <testcase name="test2addDeveloper" classname="com.checkpeople.controller.DeveloperControllerTest" time="0.008"/>
  <testcase name="test3addDeveloperReturnMessage" classname="com.checkpeople.controller.DeveloperControllerTest" time="0.022"/>
  <testcase name="test4updateDeveloper" classname="com.checkpeople.controller.DeveloperControllerTest" time="0.003"/>
  <testcase name="test5findById" classname="com.checkpeople.controller.DeveloperControllerTest" time="0.003"/>
  <testcase name="test6findByIdReturnMessage" classname="com.checkpeople.controller.DeveloperControllerTest" time="0.003"/>
  <testcase name="test7findAll" classname="com.checkpeople.controller.DeveloperControllerTest" time="0.003"/>
  <testcase name="test8removeDeveloper" classname="com.checkpeople.controller.DeveloperControllerTest" time="0.003"/>
  <testcase name="test9removeDeveloperNotFound" classname="com.checkpeople.controller.DeveloperControllerTest" time="0.001"/>
</testsuite>